<?xml version="1.0" encoding="UTF-8"?>
<testng-results skipped="0" failed="0" ignored="0" total="1" passed="1">
  <reporter-output>
  </reporter-output>
  <suite name="Default suite" duration-ms="35590" started-at="2022-06-12T08:42:45Z" finished-at="2022-06-12T08:43:20Z">
    <groups>
    </groups>
    <test name="Default test" duration-ms="35590" started-at="2022-06-12T08:42:45Z" finished-at="2022-06-12T08:43:20Z">
      <class name="org.Test.Amazon">
        <test-method status="PASS" signature="BeforeClass()[pri:0, instance:org.Test.Amazon@204f30ec]" name="BeforeClass" is-config="true" duration-ms="32" started-at="2022-06-12T14:12:45Z" finished-at="2022-06-12T14:12:45Z">
          <reporter-output>
          </reporter-output>
        </test-method> <!-- BeforeClass -->
        <test-method status="PASS" signature="BeforeMethod()[pri:0, instance:org.Test.Amazon@204f30ec]" name="BeforeMethod" is-config="true" duration-ms="18393" started-at="2022-06-12T14:12:45Z" finished-at="2022-06-12T14:13:03Z">
          <reporter-output>
          </reporter-output>
        </test-method> <!-- BeforeMethod -->
        <test-method status="PASS" signature="Test()[pri:0, instance:org.Test.Amazon@204f30ec]" name="Test" duration-ms="12099" started-at="2022-06-12T14:13:03Z" finished-at="2022-06-12T14:13:15Z">
          <reporter-output>
          </reporter-output>
        </test-method> <!-- Test -->
        <test-method status="PASS" signature="AfterMethod()[pri:0, instance:org.Test.Amazon@204f30ec]" name="AfterMethod" is-config="true" duration-ms="1" started-at="2022-06-12T14:13:15Z" finished-at="2022-06-12T14:13:15Z">
          <reporter-output>
          </reporter-output>
        </test-method> <!-- AfterMethod -->
        <test-method status="PASS" signature="AfterClass()[pri:0, instance:org.Test.Amazon@204f30ec]" name="AfterClass" is-config="true" duration-ms="5017" started-at="2022-06-12T14:13:15Z" finished-at="2022-06-12T14:13:20Z">
          <reporter-output>
          </reporter-output>
        </test-method> <!-- AfterClass -->
      </class> <!-- org.Test.Amazon -->
    </test> <!-- Default test -->
  </suite> <!-- Default suite -->
</testng-results>
